<?xml version="1.0" encoding="utf-8"?><testsuites name="pytest tests"><testsuite name="pytest" errors="0" failures="0" skipped="0" tests="68" time="0.765" timestamp="2026-06-28T10:49:53.390653-06:00" hostname="parrot"><testcase classname="orchestrator-install-v2.tests.test_orch_cli.TestCore" name="test_health" time="0.020" /><testcase classname="orchestrator-install-v2.tests.test_orch_cli.TestCore" name="test_health_with_token" time="0.010" /><testcase classname="orchestrator-install-v2.tests.test_orch_cli.TestCore" name="test_metrics_admin_token" time="0.017" /><testcase classname="orchestrator-install-v2.tests.test_orch_cli.TestCore" name="test_metrics_falls_back_to_token" time="0.009" /><testcase classname="orchestrator-install-v2.tests.test_orch_cli.TestCore" name="test_metrics_no_token" time="0.011" /><testcase classname="orchestrator-install-v2.tests.test_orch_cli.TestCore" name="test_events_admin_token" time="0.010" /><testcase classname="orchestrator-install-v2.tests.test_orch_cli.TestUsers" name="test_user_create" time="0.011" /><testcase classname="orchestrator-install-v2.tests.test_orch_cli.TestUsers" name="test_user_list" time="0.010" /><testcase classname="orchestrator-install-v2.tests.test_orch_cli.TestUsers" name="test_user_get" time="0.010" /><testcase classname="orchestrator-install-v2.tests.test_orch_cli.TestUsers" name="test_user_delete" time="0.011" /><testcase classname="orchestrator-install-v2.tests.test_orch_cli.TestUsers" name="test_user_delete_purge" time="0.009" /><testcase classname="orchestrator-install-v2.tests.test_orch_cli.TestUsers" name="test_issue_user_token" time="0.009" /><testcase classname="orchestrator-install-v2.tests.test_orch_cli.TestAuth" name="test_auth_login" time="0.010" /><testcase classname="orchestrator-install-v2.tests.test_orch_cli.TestAuth" name="test_auth_login_scopes_ttl" time="0.011" /><testcase classname="orchestrator-install-v2.tests.test_orch_cli.TestAuth" name="test_auth_refresh" time="0.010" /><testcase classname="orchestrator-install-v2.tests.test_orch_cli.TestAuth" name="test_auth_refresh_from_env" time="0.010" /><testcase classname="orchestrator-install-v2.tests.test_orch_cli.TestAuth" name="test_auth_whoami" time="0.011" /><testcase classname="orchestrator-install-v2.tests.test_orch_cli.TestRevoke" name="test_revoke" time="0.009" /><testcase classname="orchestrator-install-v2.tests.test_orch_cli.TestNetworks" name="test_net_create_defaults" time="0.011" /><testcase classname="orchestrator-install-v2.tests.test_orch_cli.TestNetworks" name="test_net_create_full" time="0.009" /><testcase classname="orchestrator-install-v2.tests.test_orch_cli.TestNetworks" name="test_net_list" time="0.009" /><testcase classname="orchestrator-install-v2.tests.test_orch_cli.TestNetworks" name="test_net_list_with_tenant_token" time="0.010" /><testcase classname="orchestrator-install-v2.tests.test_orch_cli.TestNetworks" name="test_net_get" time="0.010" /><testcase classname="orchestrator-install-v2.tests.test_orch_cli.TestNetworks" name="test_net_topology" time="0.011" /><testcase classname="orchestrator-install-v2.tests.test_orch_cli.TestNetworks" name="test_net_delete" time="0.010" /><testcase classname="orchestrator-install-v2.tests.test_orch_cli.TestNetworks" name="test_net_delete_purge" time="0.010" /><testcase classname="orchestrator-install-v2.tests.test_orch_cli.TestNetworks" name="test_net_set_topology" time="0.009" /><testcase classname="orchestrator-install-v2.tests.test_orch_cli.TestNetworks" name="test_net_set_topology_invalid_rejected" time="0.011" /><testcase classname="orchestrator-install-v2.tests.test_orch_cli.TestNetworks" name="test_net_set_topology_changed_branch" time="0.010" /><testcase classname="orchestrator-install-v2.tests.test_orch_cli.TestNetworks" name="test_net_set_topology_unchanged_branch" time="0.011" /><testcase classname="orchestrator-install-v2.tests.test_orch_cli.TestMeshCommands" name="test_mesh_peers_list_response" time="0.015" /><testcase classname="orchestrator-install-v2.tests.test_orch_cli.TestMeshCommands" name="test_mesh_peers_with_peer_id" time="0.010" /><testcase classname="orchestrator-install-v2.tests.test_orch_cli.TestMeshCommands" name="test_mesh_peers_dict_response" time="0.009" /><testcase classname="orchestrator-install-v2.tests.test_orch_cli.TestMeshCommands" name="test_peer_reachability_dict_response" time="0.010" /><testcase classname="orchestrator-install-v2.tests.test_orch_cli.TestMeshCommands" name="test_peer_reachability_list_response_warns" time="0.009" /><testcase classname="orchestrator-install-v2.tests.test_orch_cli.TestPeers" name="test_peer_list" time="0.011" /><testcase classname="orchestrator-install-v2.tests.test_orch_cli.TestPeers" name="test_peer_get" time="0.010" /><testcase classname="orchestrator-install-v2.tests.test_orch_cli.TestPeers" name="test_peer_update_admin" time="0.010" /><testcase classname="orchestrator-install-v2.tests.test_orch_cli.TestPeers" name="test_peer_update_admin_bad_json" time="0.010" /><testcase classname="orchestrator-install-v2.tests.test_orch_cli.TestPeers" name="test_peer_unregister" time="0.010" /><testcase classname="orchestrator-install-v2.tests.test_orch_cli.TestPeers" name="test_assign_network" time="0.010" /><testcase classname="orchestrator-install-v2.tests.test_orch_cli.TestPeers" name="test_assign_network_with_role" time="0.010" /><testcase classname="orchestrator-install-v2.tests.test_orch_cli.TestPeers" name="test_remove_network" time="0.010" /><testcase classname="orchestrator-install-v2.tests.test_orch_cli.TestArgparseContract" name="test_token_before_subcommand" time="0.008" /><testcase classname="orchestrator-install-v2.tests.test_orch_cli.TestArgparseContract" name="test_token_after_subcommand_rejected" time="0.010" /><testcase classname="orchestrator-install-v2.tests.test_orch_cli.TestArgparseContract" name="test_url_override_via_env" time="0.010" /><testcase classname="orchestrator-install-v2.tests.test_orch_cli.TestArgparseContract" name="test_no_subcommand_rejected" time="0.010" /><testcase classname="peer-install-v2.tests.test_wg_auto_cli.TestPeerOps" name="test_unregister" time="0.010" /><testcase classname="peer-install-v2.tests.test_wg_auto_cli.TestPeerOps" name="test_unregister_uses_url_flag" time="0.006" /><testcase classname="peer-install-v2.tests.test_wg_auto_cli.TestPeerOps" name="test_update" time="0.006" /><testcase classname="peer-install-v2.tests.test_wg_auto_cli.TestPeerOps" name="test_update_bad_json_exits" time="0.008" /><testcase classname="peer-install-v2.tests.test_wg_auto_cli.TestPeerOps" name="test_status" time="0.008" /><testcase classname="peer-install-v2.tests.test_wg_auto_cli.TestPeerOps" name="test_orch_health" time="0.006" /><testcase classname="peer-install-v2.tests.test_wg_auto_cli.TestNetworks" name="test_list_networks" time="0.006" /><testcase classname="peer-install-v2.tests.test_wg_auto_cli.TestNetworks" name="test_add_to_network" time="0.007" /><testcase classname="peer-install-v2.tests.test_wg_auto_cli.TestNetworks" name="test_rm_from_network" time="0.006" /><testcase classname="peer-install-v2.tests.test_wg_auto_cli.TestNetworks" name="test_topology" time="0.007" /><testcase classname="peer-install-v2.tests.test_wg_auto_cli.TestAdvertised" name="test_list_advertised" time="0.006" /><testcase classname="peer-install-v2.tests.test_wg_auto_cli.TestAdvertised" name="test_add_advertised" time="0.007" /><testcase classname="peer-install-v2.tests.test_wg_auto_cli.TestAdvertised" name="test_rm_advertised" time="0.006" /><testcase classname="peer-install-v2.tests.test_wg_auto_cli.TestAdvertised" name="test_rm_advertised_non_int_rejected" time="0.007" /><testcase classname="peer-install-v2.tests.test_wg_auto_cli.TestRotateKey" name="test_rotate_key_delegates_and_exits" time="0.006" /><testcase classname="peer-install-v2.tests.test_wg_auto_cli.TestMeshStatus" name="test_mesh_puro" time="0.008" /><testcase classname="peer-install-v2.tests.test_wg_auto_cli.TestMeshStatus" name="test_hub_mesh_shows_mode_column" time="0.011" /><testcase classname="peer-install-v2.tests.test_wg_auto_cli.TestMeshStatus" name="test_mesh_status_missing_conf" time="0.010" /><testcase classname="peer-install-v2.tests.test_wg_auto_cli.TestMeshStatus" name="test_mesh_status_defaults_to_hub_spoke" time="0.011" /><testcase classname="peer-install-v2.tests.test_wg_auto_cli.TestAuthPrecedence" name="test_jwt_from_state_overrides_env" time="0.010" /><testcase classname="peer-install-v2.tests.test_wg_auto_cli.TestAuthPrecedence" name="test_env_token_when_no_state" time="0.014" /></testsuite></testsuites>