<?xml version="1.0" encoding="utf-8"?><testsuites name="pytest tests"><testsuite name="pytest" errors="0" failures="0" skipped="0" tests="98" time="0.490" timestamp="2026-06-28T10:49:52.086452-06:00" hostname="parrot"><testcase classname="peer-install-v2.tests.test_config_gen.TestBuildInterfaceBlock" name="test_basic_interface" time="0.001" /><testcase classname="peer-install-v2.tests.test_config_gen.TestBuildInterfaceBlock" name="test_custom_mtu" time="0.001" /><testcase classname="peer-install-v2.tests.test_config_gen.TestBuildHubBlock" name="test_hub_block_hub_spoke" time="0.000" /><testcase classname="peer-install-v2.tests.test_config_gen.TestBuildHubBlock" name="test_hub_block_hub_mesh" time="0.000" /><testcase classname="peer-install-v2.tests.test_config_gen.TestBuildMeshBlocks" name="test_empty_mesh" time="0.000" /><testcase classname="peer-install-v2.tests.test_config_gen.TestBuildMeshBlocks" name="test_with_peers" time="0.000" /><testcase classname="peer-install-v2.tests.test_config_gen.TestBuildMeshBlocks" name="test_mesh_peer_not_alive_still_includes_endpoint" time="0.000" /><testcase classname="peer-install-v2.tests.test_config_gen.TestBuildMeshBlocks" name="test_mesh_peer_no_endpoint_omitted" time="0.000" /><testcase classname="peer-install-v2.tests.test_config_gen.TestBuildHubMeshBlocks" name="test_direct_and_relay" time="0.000" /><testcase classname="peer-install-v2.tests.test_identity.TestPeerId" name="test_peer_id_from_env" time="0.000" /><testcase classname="peer-install-v2.tests.test_identity.TestPeerId" name="test_peer_id_fallback_hostname" time="0.001" /><testcase classname="peer-install-v2.tests.test_identity.TestOwner" name="test_owner_from_env" time="0.000" /><testcase classname="peer-install-v2.tests.test_identity.TestOwner" name="test_owner_fallback" time="0.001" /><testcase classname="peer-install-v2.tests.test_identity.TestLocalIP" name="test_get_local_ip_ok" time="0.002" /><testcase classname="peer-install-v2.tests.test_identity.TestLocalIP" name="test_get_local_ip_fallback_hostname" time="0.002" /><testcase classname="peer-install-v2.tests.test_identity.TestEndpointGuess" name="test_endpoint_from_env" time="0.001" /><testcase classname="peer-install-v2.tests.test_identity.TestEndpointGuess" name="test_endpoint_local_ip" time="0.002" /><testcase classname="peer-install-v2.tests.test_integration_mixed_nat_topologies.TestMixedDistrosDualNATTopologies" name="test_hub_spoke_arch_and_alpine_relay_via_hub" time="0.060" /><testcase classname="peer-install-v2.tests.test_integration_mixed_nat_topologies.TestMixedDistrosDualNATTopologies" name="test_mesh_arch_and_alpine_generates_direct_peer_blocks_even_without_private_reachability" time="0.006" /><testcase classname="peer-install-v2.tests.test_integration_mixed_nat_topologies.TestMixedDistrosDualNATTopologies" name="test_hub_mesh_arch_and_alpine_falls_back_to_relay_only" time="0.005" /><testcase classname="peer-install-v2.tests.test_integration_reachability.TestEscenario1TodosReachables" name="test_orquestador_clasifica_todos_directos" time="0.001" /><testcase classname="peer-install-v2.tests.test_integration_reachability.TestEscenario1TodosReachables" name="test_wireguard_genera_bloques_directos" time="0.001" /><testcase classname="peer-install-v2.tests.test_integration_reachability.TestEscenario1TodosReachables" name="test_probe_reporta_reachability_directa" time="0.003" /><testcase classname="peer-install-v2.tests.test_integration_reachability.TestEscenario2UnPeerDetrasDeNAT" name="test_orquestador_clasifica_mixto" time="0.001" /><testcase classname="peer-install-v2.tests.test_integration_reachability.TestEscenario2UnPeerDetrasDeNAT" name="test_wireguard_genera_directo_y_relay" time="0.001" /><testcase classname="peer-install-v2.tests.test_integration_reachability.TestEscenario2UnPeerDetrasDeNAT" name="test_probe_no_reporta_para_relay" time="0.001" /><testcase classname="peer-install-v2.tests.test_integration_reachability.TestEscenario3SoloOrquestadorReachable" name="test_orquestador_clasifica_todos_relay" time="0.001" /><testcase classname="peer-install-v2.tests.test_integration_reachability.TestEscenario3SoloOrquestadorReachable" name="test_wireguard_solo_relay_sin_bloques_directos" time="0.001" /><testcase classname="peer-install-v2.tests.test_integration_reachability.TestEscenario3SoloOrquestadorReachable" name="test_probe_sin_candidatos_no_ejecuta" time="0.002" /><testcase classname="peer-install-v2.tests.test_integration_reachability.TestEscenariosAdicionales" name="test_force_relay_override" time="0.001" /><testcase classname="peer-install-v2.tests.test_integration_reachability.TestEscenariosAdicionales" name="test_force_direct_override" time="0.000" /><testcase classname="peer-install-v2.tests.test_integration_reachability.TestEscenariosAdicionales" name="test_reachability_map_hub_relay" time="0.000" /><testcase classname="peer-install-v2.tests.test_keys.TestKeys" name="test_gen_keys_skips_if_exist" time="0.005" /><testcase classname="peer-install-v2.tests.test_keys.TestKeys" name="test_gen_keys_creates_missing" time="0.002" /><testcase classname="peer-install-v2.tests.test_keys.TestKeys" name="test_rotate_keys" time="0.001" /><testcase classname="peer-install-v2.tests.test_keys.TestKeys" name="test_load_public_key" time="0.001" /><testcase classname="peer-install-v2.tests.test_keys.TestKeys" name="test_load_private_key" time="0.001" /><testcase classname="peer-install-v2.tests.test_nat.TestDetectNat" name="test_no_public_ip_symmetric" time="0.001" /><testcase classname="peer-install-v2.tests.test_nat.TestDetectNat" name="test_public_ip_equal_local_none" time="0.001" /><testcase classname="peer-install-v2.tests.test_nat.TestDetectNat" name="test_no_listen_port_symmetric" time="0.001" /><testcase classname="peer-install-v2.tests.test_nat.TestDetectNat" name="test_full_cone" time="0.005" /><testcase classname="peer-install-v2.tests.test_nat.TestDetectNat" name="test_full_cone_not_matching_symmetric" time="0.004" /><testcase classname="peer-install-v2.tests.test_peer_auth.TestJwtNeedsRefresh" name="test_no_expiry_needs_refresh" time="0.000" /><testcase classname="peer-install-v2.tests.test_peer_auth.TestJwtNeedsRefresh" name="test_expired_needs_refresh" time="0.000" /><testcase classname="peer-install-v2.tests.test_peer_auth.TestJwtNeedsRefresh" name="test_valid_no_refresh" time="0.000" /><testcase classname="peer-install-v2.tests.test_peer_auth.TestEnsureJwtSession" name="test_returns_cached_jwt" time="0.000" /><testcase classname="peer-install-v2.tests.test_peer_auth.TestEnsureJwtSession" name="test_login_on_missing_jwt" time="0.001" /><testcase classname="peer-install-v2.tests.test_peer_auth.TestEnsureJwtSession" name="test_refresh_on_expired" time="0.002" /><testcase classname="peer-install-v2.tests.test_peer_auth.TestEnsureJwtSession" name="test_login_on_refresh_failure" time="0.002" /><testcase classname="peer-install-v2.tests.test_peer_auth.TestOrchTokenForCall" name="test_returns_token" time="0.002" /><testcase classname="peer-install-v2.tests.test_peer_config.TestConfig" name="test_orch_url_default" time="0.001" /><testcase classname="peer-install-v2.tests.test_peer_config.TestConfig" name="test_orch_token_from_env" time="0.000" /><testcase classname="peer-install-v2.tests.test_peer_config.TestConfig" name="test_wg_paths" time="0.000" /><testcase classname="peer-install-v2.tests.test_peer_config.TestConfig" name="test_keepalive_default" time="0.000" /><testcase classname="peer-install-v2.tests.test_peer_config.TestConfig" name="test_jwt_ttl" time="0.000" /><testcase classname="peer-install-v2.tests.test_peer_config.TestConfig" name="test_peer_env_loading" time="0.001" /><testcase classname="peer-install-v2.tests.test_peer_config.TestConfig" name="test_peer_env_env_var_takes_precedence" time="0.001" /><testcase classname="peer-install-v2.tests.test_peer_config.TestConfig" name="test_config_module_attributes" time="0.000" /><testcase classname="peer-install-v2.tests.test_peer_state.TestState" name="test_load_empty_when_missing" time="0.001" /><testcase classname="peer-install-v2.tests.test_peer_state.TestState" name="test_save_and_load_roundtrip" time="0.002" /><testcase classname="peer-install-v2.tests.test_peer_state.TestState" name="test_save_state_restricted_perms" time="0.001" /><testcase classname="peer-install-v2.tests.test_peer_state.TestState" name="test_load_corrupt_json" time="0.002" /><testcase classname="peer-install-v2.tests.test_probe.TestProbe" name="test_skip_if_not_hub_mesh" time="0.001" /><testcase classname="peer-install-v2.tests.test_probe.TestProbe" name="test_skip_if_no_candidates" time="0.001" /><testcase classname="peer-install-v2.tests.test_probe.TestProbe" name="test_no_change_no_report" time="0.001" /><testcase classname="peer-install-v2.tests.test_probe.TestProbe" name="test_reports_alive_change" time="0.001" /><testcase classname="peer-install-v2.tests.test_supported_topologies.TestSupportedTopologies" name="test_apply_config_hub_spoke" time="0.001" /><testcase classname="peer-install-v2.tests.test_supported_topologies.TestSupportedTopologies" name="test_apply_config_mesh" time="0.001" /><testcase classname="peer-install-v2.tests.test_supported_topologies.TestSupportedTopologies" name="test_apply_config_hub_mesh" time="0.001" /><testcase classname="peer-install-v2.tests.test_utils.TestFileOps" name="test_ensure_dir_creates" time="0.000" /><testcase classname="peer-install-v2.tests.test_utils.TestFileOps" name="test_write_and_read_file" time="0.000" /><testcase classname="peer-install-v2.tests.test_utils.TestFileOps" name="test_read_file_strips" time="0.000" /><testcase classname="peer-install-v2.tests.test_utils.TestFileOps" name="test_write_file_sets_mode" time="0.000" /><testcase classname="peer-install-v2.tests.test_utils.TestRun" name="test_run_capture_ok" time="0.002" /><testcase classname="peer-install-v2.tests.test_utils.TestRun" name="test_run_capture_fail" time="0.002" /><testcase classname="peer-install-v2.tests.test_utils.TestRun" name="test_run_no_capture" time="0.002" /><testcase classname="peer-install-v2.tests.test_utils.TestLog" name="test_log_output" time="0.001" /><testcase classname="peer-install-v2.tests.test_wg_auto_cli.TestPeerOps" name="test_unregister" time="0.009" /><testcase classname="peer-install-v2.tests.test_wg_auto_cli.TestPeerOps" name="test_unregister_uses_url_flag" time="0.007" /><testcase classname="peer-install-v2.tests.test_wg_auto_cli.TestPeerOps" name="test_update" time="0.010" /><testcase classname="peer-install-v2.tests.test_wg_auto_cli.TestPeerOps" name="test_update_bad_json_exits" time="0.009" /><testcase classname="peer-install-v2.tests.test_wg_auto_cli.TestPeerOps" name="test_status" time="0.010" /><testcase classname="peer-install-v2.tests.test_wg_auto_cli.TestPeerOps" name="test_orch_health" time="0.007" /><testcase classname="peer-install-v2.tests.test_wg_auto_cli.TestNetworks" name="test_list_networks" time="0.008" /><testcase classname="peer-install-v2.tests.test_wg_auto_cli.TestNetworks" name="test_add_to_network" time="0.011" /><testcase classname="peer-install-v2.tests.test_wg_auto_cli.TestNetworks" name="test_rm_from_network" time="0.012" /><testcase classname="peer-install-v2.tests.test_wg_auto_cli.TestNetworks" name="test_topology" time="0.006" /><testcase classname="peer-install-v2.tests.test_wg_auto_cli.TestAdvertised" name="test_list_advertised" time="0.005" /><testcase classname="peer-install-v2.tests.test_wg_auto_cli.TestAdvertised" name="test_add_advertised" time="0.007" /><testcase classname="peer-install-v2.tests.test_wg_auto_cli.TestAdvertised" name="test_rm_advertised" time="0.008" /><testcase classname="peer-install-v2.tests.test_wg_auto_cli.TestAdvertised" name="test_rm_advertised_non_int_rejected" time="0.007" /><testcase classname="peer-install-v2.tests.test_wg_auto_cli.TestRotateKey" name="test_rotate_key_delegates_and_exits" time="0.007" /><testcase classname="peer-install-v2.tests.test_wg_auto_cli.TestMeshStatus" name="test_mesh_puro" time="0.011" /><testcase classname="peer-install-v2.tests.test_wg_auto_cli.TestMeshStatus" name="test_hub_mesh_shows_mode_column" time="0.010" /><testcase classname="peer-install-v2.tests.test_wg_auto_cli.TestMeshStatus" name="test_mesh_status_missing_conf" time="0.013" /><testcase classname="peer-install-v2.tests.test_wg_auto_cli.TestMeshStatus" name="test_mesh_status_defaults_to_hub_spoke" time="0.015" /><testcase classname="peer-install-v2.tests.test_wg_auto_cli.TestAuthPrecedence" name="test_jwt_from_state_overrides_env" time="0.012" /><testcase classname="peer-install-v2.tests.test_wg_auto_cli.TestAuthPrecedence" name="test_env_token_when_no_state" time="0.008" /></testsuite></testsuites>