<?xml version="1.0" encoding="utf-8"?><testsuites name="pytest tests"><testsuite name="pytest" errors="0" failures="0" skipped="0" tests="184" time="2.940" timestamp="2026-06-28T10:49:48.320414-06:00" hostname="parrot"><testcase classname="orchestrator-install-v2.tests.test_auth.TestJWT" name="test_encode_decode" time="0.069" /><testcase classname="orchestrator-install-v2.tests.test_auth.TestJWT" name="test_decode_bad_token" time="0.001" /><testcase classname="orchestrator-install-v2.tests.test_auth.TestJWT" name="test_decode_expired" time="2.004" /><testcase classname="orchestrator-install-v2.tests.test_auth.TestRevocation" name="test_revoke_and_check" time="0.001" /><testcase classname="orchestrator-install-v2.tests.test_auth.TestRevocation" name="test_revoked_cache" time="0.000" /><testcase classname="orchestrator-install-v2.tests.test_auth.TestAuthFromToken" name="test_no_token" time="0.000" /><testcase classname="orchestrator-install-v2.tests.test_auth.TestAuthFromToken" name="test_legacy_token" time="0.000" /><testcase classname="orchestrator-install-v2.tests.test_auth.TestAuthFromToken" name="test_jwt_token" time="0.001" /><testcase classname="orchestrator-install-v2.tests.test_auth.TestAuthFromToken" name="test_revoked_jwt" time="0.001" /><testcase classname="orchestrator-install-v2.tests.test_auth.TestScopes" name="test_exact_scope" time="0.000" /><testcase classname="orchestrator-install-v2.tests.test_auth.TestScopes" name="test_wildcard_prefix" time="0.000" /><testcase classname="orchestrator-install-v2.tests.test_auth.TestScopes" name="test_wildcard_all" time="0.000" /><testcase classname="orchestrator-install-v2.tests.test_auth.TestScopes" name="test_wildcard_global" time="0.000" /><testcase classname="orchestrator-install-v2.tests.test_auth.TestScopes" name="test_missing_scope" time="0.001" /><testcase classname="orchestrator-install-v2.tests.test_auth.TestAdminToken" name="test_valid" time="0.001" /><testcase classname="orchestrator-install-v2.tests.test_auth.TestAdminToken" name="test_invalid" time="0.001" /><testcase classname="orchestrator-install-v2.tests.test_auth.TestAdminToken" name="test_none" time="0.001" /><testcase classname="orchestrator-install-v2.tests.test_auth.TestUsers" name="test_user_exists" time="0.001" /><testcase classname="orchestrator-install-v2.tests.test_auth.TestUsers" name="test_get_user_missing" time="0.001" /><testcase classname="orchestrator-install-v2.tests.test_auth.TestQuotas" name="test_peer_quota" time="0.001" /><testcase classname="orchestrator-install-v2.tests.test_auth.TestQuotas" name="test_peer_quota_exceeded" time="0.001" /><testcase classname="orchestrator-install-v2.tests.test_auth.TestQuotas" name="test_network_quota" time="0.001" /><testcase classname="orchestrator-install-v2.tests.test_auth.TestQuotas" name="test_network_quota_exceeded" time="0.001" /><testcase classname="orchestrator-install-v2.tests.test_auth.TestPeerOwner" name="test_from_metadata_owner" time="0.000" /><testcase classname="orchestrator-install-v2.tests.test_auth.TestPeerOwner" name="test_from_metadata_user_id" time="0.000" /><testcase classname="orchestrator-install-v2.tests.test_auth.TestPeerOwner" name="test_from_metadata_tenant" time="0.000" /><testcase classname="orchestrator-install-v2.tests.test_auth.TestPeerOwner" name="test_default" time="0.000" /><testcase classname="orchestrator-install-v2.tests.test_auto_approve.TestEnsureDefaultNetwork" name="test_creates_if_missing" time="0.003" /><testcase classname="orchestrator-install-v2.tests.test_auto_approve.TestEnsureDefaultNetwork" name="test_returns_existing" time="0.002" /><testcase classname="orchestrator-install-v2.tests.test_auto_approve.TestTryAutoApprove" name="test_disabled" time="0.001" /><testcase classname="orchestrator-install-v2.tests.test_auto_approve.TestTryAutoApprove" name="test_no_matching_rule" time="0.001" /><testcase classname="orchestrator-install-v2.tests.test_auto_approve.TestTryAutoApprove" name="test_existing_peer" time="0.001" /><testcase classname="orchestrator-install-v2.tests.test_auto_approve.TestTryAutoApprove" name="test_success" time="0.004" /><testcase classname="orchestrator-install-v2.tests.test_config.TestAutoApproveRules" name="test_parse_empty" time="0.000" /><testcase classname="orchestrator-install-v2.tests.test_config.TestAutoApproveRules" name="test_parse_single" time="0.001" /><testcase classname="orchestrator-install-v2.tests.test_config.TestAutoApproveRules" name="test_parse_multiple" time="0.001" /><testcase classname="orchestrator-install-v2.tests.test_config.TestAutoApproveRules" name="test_parse_skips_malformed" time="0.001" /><testcase classname="orchestrator-install-v2.tests.test_config.TestAutoApproveRules" name="test_parse_trims_whitespace" time="0.001" /><testcase classname="orchestrator-install-v2.tests.test_config.TestValidateTokens" name="test_admin_token_required" time="0.002" /><testcase classname="orchestrator-install-v2.tests.test_config.TestValidateTokens" name="test_valid_tokens_pass" time="0.001" /><testcase classname="orchestrator-install-v2.tests.test_config.TestValidateTokens" name="test_insecure_admin_token_fails" time="0.003" /><testcase classname="orchestrator-install-v2.tests.test_config.TestCheckDependencies" name="test_python3_found" time="0.001" /><testcase classname="orchestrator-install-v2.tests.test_endpoints.TestOrchEndpoints" name="test_health" time="0.002" /><testcase classname="orchestrator-install-v2.tests.test_endpoints.TestOrchEndpoints" name="test_state_dump" time="0.001" /><testcase classname="orchestrator-install-v2.tests.test_endpoints.TestOrchEndpoints" name="test_state_persist" time="0.002" /><testcase classname="orchestrator-install-v2.tests.test_endpoints.TestOrchEndpoints" name="test_events_empty" time="0.001" /><testcase classname="orchestrator-install-v2.tests.test_endpoints.TestOrchEndpoints" name="test_metrics_admin" time="0.001" /><testcase classname="orchestrator-install-v2.tests.test_endpoints.TestOrchEndpoints" name="test_metrics_no_auth" time="0.001" /><testcase classname="orchestrator-install-v2.tests.test_endpoints.TestUserEndpoints" name="test_create" time="0.001" /><testcase classname="orchestrator-install-v2.tests.test_endpoints.TestUserEndpoints" name="test_create_duplicate" time="0.001" /><testcase classname="orchestrator-install-v2.tests.test_endpoints.TestUserEndpoints" name="test_list" time="0.001" /><testcase classname="orchestrator-install-v2.tests.test_endpoints.TestUserEndpoints" name="test_delete" time="0.001" /><testcase classname="orchestrator-install-v2.tests.test_endpoints.TestUserEndpoints" name="test_delete_missing" time="0.000" /><testcase classname="orchestrator-install-v2.tests.test_endpoints.TestUserEndpoints" name="test_token_reset" time="0.001" /><testcase classname="orchestrator-install-v2.tests.test_endpoints.TestUserEndpoints" name="test_disable" time="0.001" /><testcase classname="orchestrator-install-v2.tests.test_endpoints.TestNetworkEndpoints" name="test_create" time="0.002" /><testcase classname="orchestrator-install-v2.tests.test_endpoints.TestNetworkEndpoints" name="test_create_duplicate" time="0.001" /><testcase classname="orchestrator-install-v2.tests.test_endpoints.TestNetworkEndpoints" name="test_list" time="0.001" /><testcase classname="orchestrator-install-v2.tests.test_endpoints.TestNetworkEndpoints" name="test_get" time="0.001" /><testcase classname="orchestrator-install-v2.tests.test_endpoints.TestNetworkEndpoints" name="test_get_missing" time="0.001" /><testcase classname="orchestrator-install-v2.tests.test_endpoints.TestNetworkEndpoints" name="test_delete" time="0.001" /><testcase classname="orchestrator-install-v2.tests.test_endpoints.TestNetworkEndpoints" name="test_set_topology" time="0.001" /><testcase classname="orchestrator-install-v2.tests.test_endpoints.TestNetworkEndpoints" name="test_set_topology_invalid" time="0.001" /><testcase classname="orchestrator-install-v2.tests.test_endpoints.TestNetworkEndpoints" name="test_network_peers" time="0.000" /><testcase classname="orchestrator-install-v2.tests.test_endpoints.TestNetworkEndpoints" name="test_get_topology" time="0.001" /><testcase classname="orchestrator-install-v2.tests.test_endpoints.TestPeerEndpoints" name="test_create" time="0.003" /><testcase classname="orchestrator-install-v2.tests.test_endpoints.TestPeerEndpoints" name="test_get" time="0.001" /><testcase classname="orchestrator-install-v2.tests.test_endpoints.TestPeerEndpoints" name="test_get_missing" time="0.001" /><testcase classname="orchestrator-install-v2.tests.test_endpoints.TestPeerEndpoints" name="test_list" time="0.001" /><testcase classname="orchestrator-install-v2.tests.test_endpoints.TestPeerEndpoints" name="test_update" time="0.002" /><testcase classname="orchestrator-install-v2.tests.test_endpoints.TestPeerEndpoints" name="test_delete" time="0.001" /><testcase classname="orchestrator-install-v2.tests.test_endpoints.TestPeerEndpoints" name="test_enable" time="0.002" /><testcase classname="orchestrator-install-v2.tests.test_endpoints.TestPeerEndpoints" name="test_disable" time="0.001" /><testcase classname="orchestrator-install-v2.tests.test_endpoints.TestPeerEndpoints" name="test_heartbeat" time="0.002" /><testcase classname="orchestrator-install-v2.tests.test_endpoints.TestPeerEndpoints" name="test_set_metadata" time="0.001" /><testcase classname="orchestrator-install-v2.tests.test_endpoints.TestPeerEndpoints" name="test_verify_exists" time="0.001" /><testcase classname="orchestrator-install-v2.tests.test_endpoints.TestPeerEndpoints" name="test_verify_missing" time="0.001" /><testcase classname="orchestrator-install-v2.tests.test_endpoints.TestPeerEndpoints" name="test_stats" time="0.001" /><testcase classname="orchestrator-install-v2.tests.test_endpoints.TestPeerEndpoints" name="test_cleanup" time="0.001" /><testcase classname="orchestrator-install-v2.tests.test_endpoints.TestConfigEndpoints" name="test_config_get" time="0.001" /><testcase classname="orchestrator-install-v2.tests.test_endpoints.TestConfigEndpoints" name="test_state_reset" time="0.001" /><testcase classname="orchestrator-install-v2.tests.test_endpoints.TestConfigEndpoints" name="test_state_reset_no_confirm" time="0.000" /><testcase classname="orchestrator-install-v2.tests.test_endpoints.TestConfigEndpoints" name="test_alive_mesh_peers_empty" time="0.000" /><testcase classname="orchestrator-install-v2.tests.test_endpoints.TestConfigEndpoints" name="test_alive_mesh_peers" time="0.001" /><testcase classname="orchestrator-install-v2.tests.test_endpoints.TestConfigEndpoints" name="test_classify_empty" time="0.000" /><testcase classname="orchestrator-install-v2.tests.test_endpoints.TestAuthEndpoints" name="test_jwt_issue" time="0.001" /><testcase classname="orchestrator-install-v2.tests.test_endpoints.TestAuthEndpoints" name="test_jwt_verify" time="0.001" /><testcase classname="orchestrator-install-v2.tests.test_endpoints.TestAuthEndpoints" name="test_jwt_revoke" time="0.001" /><testcase classname="orchestrator-install-v2.tests.test_endpoints.TestAdvertisedEndpoints" name="test_advertised_ips" time="0.001" /><testcase classname="orchestrator-install-v2.tests.test_endpoints.TestAdvertisedEndpoints" name="test_advertised_endpoint" time="0.001" /><testcase classname="orchestrator-install-v2.tests.test_endpoints.TestAdvertisedEndpoints" name="test_advertised_unset" time="0.001" /><testcase classname="orchestrator-install-v2.tests.test_endpoints.TestAdvertisedEndpoints" name="test_advertised_missing_peer" time="0.000" /><testcase classname="orchestrator-install-v2.tests.test_endpoints.TestPeerAdminOps" name="test_update_admin" time="0.001" /><testcase classname="orchestrator-install-v2.tests.test_endpoints.TestPeerAdminOps" name="test_update_admin_bad_fields" time="0.001" /><testcase classname="orchestrator-install-v2.tests.test_endpoints.TestPeerAdminOps" name="test_unregister" time="0.001" /><testcase classname="orchestrator-install-v2.tests.test_endpoints.TestPeerAdminOps" name="test_assign_network" time="0.001" /><testcase classname="orchestrator-install-v2.tests.test_endpoints.TestPeerAdminOps" name="test_remove_from_network" time="0.001" /><testcase classname="orchestrator-install-v2.tests.test_endpoints.TestPeerAdminOps" name="test_set_networks" time="0.001" /><testcase classname="orchestrator-install-v2.tests.test_hub_client.TestPeerAllowedIPs" name="test_from_networks" time="0.001" /><testcase classname="orchestrator-install-v2.tests.test_hub_client.TestPeerAllowedIPs" name="test_no_networks" time="0.001" /><testcase classname="orchestrator-install-v2.tests.test_hub_client.TestPeerAllowedIPs" name="test_unknown_network" time="0.001" /><testcase classname="orchestrator-install-v2.tests.test_hub_client.TestHubApply" name="test_apply_missing_peer" time="0.001" /><testcase classname="orchestrator-install-v2.tests.test_hub_client.TestHubCall" name="test_hub_ping_ok[ok]" time="0.002" /><testcase classname="orchestrator-install-v2.tests.test_hub_client.TestHubCall" name="test_hub_ping_ok[pong]" time="0.002" /><testcase classname="orchestrator-install-v2.tests.test_hub_client.TestHubCall" name="test_hub_ping_fail" time="0.001" /><testcase classname="orchestrator-install-v2.tests.test_hub_client.TestHubCall" name="test_hub_apply_peer" time="0.001" /><testcase classname="orchestrator-install-v2.tests.test_hub_client.TestHubCall" name="test_hub_remove_peer" time="0.001" /><testcase classname="orchestrator-install-v2.tests.test_network_alloc.TestAllocateIP" name="test_first_ip" time="0.001" /><testcase classname="orchestrator-install-v2.tests.test_network_alloc.TestAllocateIP" name="test_skip_used" time="0.001" /><testcase classname="orchestrator-install-v2.tests.test_network_alloc.TestAllocateIP" name="test_full_subnet" time="0.002" /><testcase classname="orchestrator-install-v2.tests.test_network_alloc.TestAllocateIP" name="test_invalid_cidr" time="0.000" /><testcase classname="orchestrator-install-v2.tests.test_network_alloc.TestAllocateIP" name="test_small_subnet" time="0.000" /><testcase classname="orchestrator-install-v2.tests.test_network_alloc.TestNetworkAllocStruct" name="test_ensure_struct_adds" time="0.000" /><testcase classname="orchestrator-install-v2.tests.test_network_alloc.TestNetworkAllocStruct" name="test_ensure_struct_preserves" time="0.000" /><testcase classname="orchestrator-install-v2.tests.test_network_alloc.TestReleaseIP" name="test_release_existing" time="0.001" /><testcase classname="orchestrator-install-v2.tests.test_network_alloc.TestReleaseIP" name="test_release_nonexistent" time="0.001" /><testcase classname="orchestrator-install-v2.tests.test_network_alloc.TestReleaseIP" name="test_release_missing_network" time="0.000" /><testcase classname="orchestrator-install-v2.tests.test_network_alloc.TestAssignIP" name="test_assign_new" time="0.001" /><testcase classname="orchestrator-install-v2.tests.test_network_alloc.TestAssignIP" name="test_reuse_existing" time="0.001" /><testcase classname="orchestrator-install-v2.tests.test_network_alloc.TestAssignIP" name="test_missing_network" time="0.000" /><testcase classname="orchestrator-install-v2.tests.test_orch_cli.TestCore" name="test_health" time="0.012" /><testcase classname="orchestrator-install-v2.tests.test_orch_cli.TestCore" name="test_health_with_token" time="0.010" /><testcase classname="orchestrator-install-v2.tests.test_orch_cli.TestCore" name="test_metrics_admin_token" time="0.011" /><testcase classname="orchestrator-install-v2.tests.test_orch_cli.TestCore" name="test_metrics_falls_back_to_token" time="0.010" /><testcase classname="orchestrator-install-v2.tests.test_orch_cli.TestCore" name="test_metrics_no_token" time="0.009" /><testcase classname="orchestrator-install-v2.tests.test_orch_cli.TestCore" name="test_events_admin_token" time="0.016" /><testcase classname="orchestrator-install-v2.tests.test_orch_cli.TestUsers" name="test_user_create" time="0.009" /><testcase classname="orchestrator-install-v2.tests.test_orch_cli.TestUsers" name="test_user_list" time="0.010" /><testcase classname="orchestrator-install-v2.tests.test_orch_cli.TestUsers" name="test_user_get" time="0.010" /><testcase classname="orchestrator-install-v2.tests.test_orch_cli.TestUsers" name="test_user_delete" time="0.012" /><testcase classname="orchestrator-install-v2.tests.test_orch_cli.TestUsers" name="test_user_delete_purge" time="0.013" /><testcase classname="orchestrator-install-v2.tests.test_orch_cli.TestUsers" name="test_issue_user_token" time="0.010" /><testcase classname="orchestrator-install-v2.tests.test_orch_cli.TestAuth" name="test_auth_login" time="0.010" /><testcase classname="orchestrator-install-v2.tests.test_orch_cli.TestAuth" name="test_auth_login_scopes_ttl" time="0.011" /><testcase classname="orchestrator-install-v2.tests.test_orch_cli.TestAuth" name="test_auth_refresh" time="0.011" /><testcase classname="orchestrator-install-v2.tests.test_orch_cli.TestAuth" name="test_auth_refresh_from_env" time="0.010" /><testcase classname="orchestrator-install-v2.tests.test_orch_cli.TestAuth" name="test_auth_whoami" time="0.011" /><testcase classname="orchestrator-install-v2.tests.test_orch_cli.TestRevoke" name="test_revoke" time="0.009" /><testcase classname="orchestrator-install-v2.tests.test_orch_cli.TestNetworks" name="test_net_create_defaults" time="0.008" /><testcase classname="orchestrator-install-v2.tests.test_orch_cli.TestNetworks" name="test_net_create_full" time="0.010" /><testcase classname="orchestrator-install-v2.tests.test_orch_cli.TestNetworks" name="test_net_list" time="0.008" /><testcase classname="orchestrator-install-v2.tests.test_orch_cli.TestNetworks" name="test_net_list_with_tenant_token" time="0.010" /><testcase classname="orchestrator-install-v2.tests.test_orch_cli.TestNetworks" name="test_net_get" time="0.010" /><testcase classname="orchestrator-install-v2.tests.test_orch_cli.TestNetworks" name="test_net_topology" time="0.009" /><testcase classname="orchestrator-install-v2.tests.test_orch_cli.TestNetworks" name="test_net_delete" time="0.011" /><testcase classname="orchestrator-install-v2.tests.test_orch_cli.TestNetworks" name="test_net_delete_purge" time="0.010" /><testcase classname="orchestrator-install-v2.tests.test_orch_cli.TestNetworks" name="test_net_set_topology" time="0.011" /><testcase classname="orchestrator-install-v2.tests.test_orch_cli.TestNetworks" name="test_net_set_topology_invalid_rejected" time="0.011" /><testcase classname="orchestrator-install-v2.tests.test_orch_cli.TestNetworks" name="test_net_set_topology_changed_branch" time="0.011" /><testcase classname="orchestrator-install-v2.tests.test_orch_cli.TestNetworks" name="test_net_set_topology_unchanged_branch" time="0.011" /><testcase classname="orchestrator-install-v2.tests.test_orch_cli.TestMeshCommands" name="test_mesh_peers_list_response" time="0.012" /><testcase classname="orchestrator-install-v2.tests.test_orch_cli.TestMeshCommands" name="test_mesh_peers_with_peer_id" time="0.012" /><testcase classname="orchestrator-install-v2.tests.test_orch_cli.TestMeshCommands" name="test_mesh_peers_dict_response" time="0.009" /><testcase classname="orchestrator-install-v2.tests.test_orch_cli.TestMeshCommands" name="test_peer_reachability_dict_response" time="0.010" /><testcase classname="orchestrator-install-v2.tests.test_orch_cli.TestMeshCommands" name="test_peer_reachability_list_response_warns" time="0.015" /><testcase classname="orchestrator-install-v2.tests.test_orch_cli.TestPeers" name="test_peer_list" time="0.011" /><testcase classname="orchestrator-install-v2.tests.test_orch_cli.TestPeers" name="test_peer_get" time="0.013" /><testcase classname="orchestrator-install-v2.tests.test_orch_cli.TestPeers" name="test_peer_update_admin" time="0.012" /><testcase classname="orchestrator-install-v2.tests.test_orch_cli.TestPeers" name="test_peer_update_admin_bad_json" time="0.009" /><testcase classname="orchestrator-install-v2.tests.test_orch_cli.TestPeers" name="test_peer_unregister" time="0.010" /><testcase classname="orchestrator-install-v2.tests.test_orch_cli.TestPeers" name="test_assign_network" time="0.009" /><testcase classname="orchestrator-install-v2.tests.test_orch_cli.TestPeers" name="test_assign_network_with_role" time="0.009" /><testcase classname="orchestrator-install-v2.tests.test_orch_cli.TestPeers" name="test_remove_network" time="0.010" /><testcase classname="orchestrator-install-v2.tests.test_orch_cli.TestArgparseContract" name="test_token_before_subcommand" time="0.009" /><testcase classname="orchestrator-install-v2.tests.test_orch_cli.TestArgparseContract" name="test_token_after_subcommand_rejected" time="0.010" /><testcase classname="orchestrator-install-v2.tests.test_orch_cli.TestArgparseContract" name="test_url_override_via_env" time="0.009" /><testcase classname="orchestrator-install-v2.tests.test_orch_cli.TestArgparseContract" name="test_no_subcommand_rejected" time="0.011" /><testcase classname="orchestrator-install-v2.tests.test_peer_compat.TestPeerCompat" name="test_peer_register_and_config" time="0.005" /><testcase classname="orchestrator-install-v2.tests.test_peer_compat.TestPeerCompat" name="test_peer_request_network_and_rotate_key" time="0.003" /><testcase classname="orchestrator-install-v2.tests.test_peer_compat.TestPeerCompat" name="test_peer_report_reachability" time="0.001" /><testcase classname="orchestrator-install-v2.tests.test_state.TestCore" name="test_now_ts" time="0.000" /><testcase classname="orchestrator-install-v2.tests.test_state.TestCore" name="test_ensure_dir_creates" time="0.000" /><testcase classname="orchestrator-install-v2.tests.test_state.TestCore" name="test_save_and_load_json" time="0.001" /><testcase classname="orchestrator-install-v2.tests.test_state.TestCore" name="test_load_json_missing" time="0.000" /><testcase classname="orchestrator-install-v2.tests.test_state.TestCore" name="test_load_json_corrupt" time="0.000" /><testcase classname="orchestrator-install-v2.tests.test_state.TestStateLifecycle" name="test_load_state_creates_default" time="0.001" /><testcase classname="orchestrator-install-v2.tests.test_state.TestStateLifecycle" name="test_persist_roundtrip" time="0.001" /><testcase classname="orchestrator-install-v2.tests.test_state.TestStateLifecycle" name="test_bump_config_version" time="0.001" /><testcase classname="orchestrator-install-v2.tests.test_state.TestEvents" name="test_add_event" time="0.001" /><testcase classname="orchestrator-install-v2.tests.test_state.TestEvents" name="test_events_truncated" time="0.002" /><testcase classname="orchestrator-install-v2.tests.test_state.TestBackup" name="test_backup_disabled" time="0.001" /><testcase classname="orchestrator-install-v2.tests.test_supported_topologies.TestSupportedTopologies" name="test_hub_spoke_config_uses_hub_only" time="0.002" /><testcase classname="orchestrator-install-v2.tests.test_supported_topologies.TestSupportedTopologies" name="test_mesh_config_returns_alive_peer_list" time="0.003" /><testcase classname="orchestrator-install-v2.tests.test_supported_topologies.TestSupportedTopologies" name="test_hub_mesh_config_splits_direct_and_relay" time="0.002" /></testsuite></testsuites>